<?xml version="1.0" encoding="UTF-8"?>
<!-- Generated by org.testng.reporters.JUnitXMLReporter -->
<testsuite ignored="1" hostname="DESKTOP-VSMTNPE" failures="0" tests="2" name="new Test" time="25.231" errors="0" timestamp="2023-12-27T02:35:41 GMT-08:00">
  <testcase classname="testNgDemos.multipleTests" name="openRediff" time="11.646"/>
  <testcase classname="testNgDemos.multipleTests" name="openGoogle" time="6.181"/>
  <testcase classname="testNgDemos.multipleTests" name="openFlipkart" time="0.0">
    <ignored/>
  </testcase> <!-- openFlipkart -->
</testsuite> <!-- new Test -->
