<?xml version="1.0" encoding="UTF-8"?>
<testng-results ignored="0" total="1" passed="1" failed="0" skipped="0">
  <reporter-output>
  </reporter-output>
  <suite started-at="2023-12-28T03:30:06 GMT-08:00" name="Default suite" finished-at="2023-12-28T03:30:08 GMT-08:00" duration-ms="2120">
    <groups>
    </groups>
    <test started-at="2023-12-28T03:30:06 GMT-08:00" name="Default test" finished-at="2023-12-28T03:30:08 GMT-08:00" duration-ms="2120">
      <class name="testNgDemos.D10readingFromExcel">
        <test-method is-config="true" signature="beforeTest()[pri:0, instance:testNgDemos.D10readingFromExcel@6a84a97d]" started-at="2023-12-28T03:30:06 GMT-08:00" name="beforeTest" finished-at="2023-12-28T03:30:08 GMT-08:00" duration-ms="1982" status="PASS">
          <reporter-output>
          </reporter-output>
        </test-method> <!-- beforeTest -->
        <test-method signature="readingfromExcel()[pri:0, instance:testNgDemos.D10readingFromExcel@6a84a97d]" started-at="2023-12-28T03:30:08 GMT-08:00" name="readingfromExcel" finished-at="2023-12-28T03:30:08 GMT-08:00" duration-ms="57" status="PASS">
          <reporter-output>
          </reporter-output>
        </test-method> <!-- readingfromExcel -->
        <test-method is-config="true" signature="afterTest()[pri:0, instance:testNgDemos.D10readingFromExcel@6a84a97d]" started-at="2023-12-28T03:30:08 GMT-08:00" name="afterTest" finished-at="2023-12-28T03:30:08 GMT-08:00" duration-ms="1" status="PASS">
          <reporter-output>
          </reporter-output>
        </test-method> <!-- afterTest -->
      </class> <!-- testNgDemos.D10readingFromExcel -->
    </test> <!-- Default test -->
  </suite> <!-- Default suite -->
</testng-results>
