<?xml version="1.0" encoding="UTF-8"?>
<!-- Generated by org.testng.reporters.JUnitXMLReporter -->
<testsuite ignored="2" hostname="DESKTOP-VSMTNPE" failures="0" tests="2" name="My Test" time="83.328" errors="0" timestamp="2023-12-27T01:26:59 GMT-08:00">
  <testcase classname="testNgDemos.D06openRediff" name="openRediffMail" time="2.268"/>
  <testcase classname="testNgDemos.D06openRediff" name="openMoney" time="16.309"/>
  <testcase classname="testNgDemos.D06openRediff" name="openSignIn" time="0.0">
    <ignored/>
  </testcase> <!-- openSignIn -->
  <testcase classname="testNgDemos.D06openRediff" name="openCreateAccount" time="0.0">
    <ignored/>
  </testcase> <!-- openCreateAccount -->
</testsuite> <!-- My Test -->
